------------------------------------------------------------------------------------------------------------------------

[2025-06-22 09:52:28 #1 type] 
Type domain.Usuario is not enhanced.

[2025-06-22 09:52:28 #2 type] 
Type domain.Socio is not enhanced.

[2025-06-22 09:52:28 #3 type] 
Type domain.Factura is not enhanced.

[2025-06-22 09:52:28 #4 type] 
Type domain.Reserva is not enhanced.

[2025-06-22 09:52:28 #5 type] 
Type domain.Sesion is not enhanced.

[2025-06-22 09:52:28 #6 type] 
Type domain.Sala is not enhanced.

[2025-06-22 09:52:28 #7 type] 
Type domain.Actividad is not enhanced.

[2025-06-22 09:52:28 #8 type] 
Type domain.Encargado is not enhanced.

------------------------------------------------------------------------------------------------------------------------

[2025-06-22 10:11:33 #1 type] 
Type domain.Usuario is not enhanced.

[2025-06-22 10:11:33 #2 type] 
Type domain.Socio is not enhanced.

[2025-06-22 10:11:33 #3 type] 
Type domain.Factura is not enhanced.

[2025-06-22 10:11:33 #4 type] 
Type domain.Reserva is not enhanced.

[2025-06-22 10:11:33 #5 type] 
Type domain.Sesion is not enhanced.

[2025-06-22 10:11:33 #6 type] 
Type domain.Sala is not enhanced.

[2025-06-22 10:11:33 #7 type] 
Type domain.Actividad is not enhanced.

[2025-06-22 10:11:33 #8 type] 
Type domain.Encargado is not enhanced.

------------------------------------------------------------------------------------------------------------------------

[2025-06-22 10:14:14 #1 type] 
Type domain.Usuario is not enhanced.

[2025-06-22 10:14:14 #2 type] 
Type domain.Socio is not enhanced.

[2025-06-22 10:14:14 #3 type] 
Type domain.Factura is not enhanced.

[2025-06-22 10:14:14 #4 type] 
Type domain.Reserva is not enhanced.

[2025-06-22 10:14:14 #5 type] 
Type domain.Sesion is not enhanced.

[2025-06-22 10:14:14 #6 type] 
Type domain.Sala is not enhanced.

[2025-06-22 10:14:14 #7 type] 
Type domain.Actividad is not enhanced.

[2025-06-22 10:14:14 #8 type] 
Type domain.Encargado is not enhanced.

------------------------------------------------------------------------------------------------------------------------

[2025-06-22 10:16:40 #1 type] 
Type domain.Usuario is not enhanced.

[2025-06-22 10:16:40 #2 type] 
Type domain.Socio is not enhanced.

[2025-06-22 10:16:40 #3 type] 
Type domain.Factura is not enhanced.

[2025-06-22 10:16:40 #4 type] 
Type domain.Reserva is not enhanced.

[2025-06-22 10:16:40 #5 type] 
Type domain.Sesion is not enhanced.

[2025-06-22 10:16:40 #6 type] 
Type domain.Sala is not enhanced.

[2025-06-22 10:16:40 #7 type] 
Type domain.Actividad is not enhanced.

[2025-06-22 10:16:40 #8 type] 
Type domain.Encargado is not enhanced.

------------------------------------------------------------------------------------------------------------------------

[2025-06-22 10:22:11 #1 type] 
Type domain.Usuario is not enhanced.

[2025-06-22 10:22:11 #2 type] 
Type domain.Socio is not enhanced.

[2025-06-22 10:22:11 #3 type] 
Type domain.Factura is not enhanced.

[2025-06-22 10:22:11 #4 type] 
Type domain.Reserva is not enhanced.

[2025-06-22 10:22:11 #5 type] 
Type domain.Sesion is not enhanced.

[2025-06-22 10:22:11 #6 type] 
Type domain.Sala is not enhanced.

[2025-06-22 10:22:11 #7 type] 
Type domain.Actividad is not enhanced.

[2025-06-22 10:22:11 #8 type] 
Type domain.Encargado is not enhanced.

------------------------------------------------------------------------------------------------------------------------

[2025-06-22 10:23:38 #1 type] 
Type domain.Usuario is not enhanced.

[2025-06-22 10:23:38 #2 type] 
Type domain.Socio is not enhanced.

[2025-06-22 10:23:38 #3 type] 
Type domain.Factura is not enhanced.

[2025-06-22 10:23:38 #4 type] 
Type domain.Reserva is not enhanced.

[2025-06-22 10:23:38 #5 type] 
Type domain.Sesion is not enhanced.

[2025-06-22 10:23:38 #6 type] 
Type domain.Sala is not enhanced.

[2025-06-22 10:23:38 #7 type] 
Type domain.Actividad is not enhanced.

[2025-06-22 10:23:38 #8 type] 
Type domain.Encargado is not enhanced.

------------------------------------------------------------------------------------------------------------------------

[2025-06-22 10:25:26 #1 type] 
Type domain.Usuario is not enhanced.

[2025-06-22 10:25:26 #2 type] 
Type domain.Socio is not enhanced.

[2025-06-22 10:25:26 #3 type] 
Type domain.Factura is not enhanced.

[2025-06-22 10:25:26 #4 type] 
Type domain.Reserva is not enhanced.

[2025-06-22 10:25:26 #5 type] 
Type domain.Sesion is not enhanced.

[2025-06-22 10:25:26 #6 type] 
Type domain.Sala is not enhanced.

[2025-06-22 10:25:26 #7 type] 
Type domain.Actividad is not enhanced.

[2025-06-22 10:25:26 #8 type] 
Type domain.Encargado is not enhanced.

------------------------------------------------------------------------------------------------------------------------

[2025-06-22 10:30:08 #1 type] 
Type domain.Usuario is not enhanced.

[2025-06-22 10:30:08 #2 type] 
Type domain.Socio is not enhanced.

[2025-06-22 10:30:08 #3 type] 
Type domain.Factura is not enhanced.

[2025-06-22 10:30:08 #4 type] 
Type domain.Reserva is not enhanced.

[2025-06-22 10:30:08 #5 type] 
Type domain.Sesion is not enhanced.

[2025-06-22 10:30:08 #6 type] 
Type domain.Sala is not enhanced.

[2025-06-22 10:30:08 #7 type] 
Type domain.Actividad is not enhanced.

[2025-06-22 10:30:08 #8 type] 
Type domain.Encargado is not enhanced.

